<?xml version="1.0" encoding="UTF-8"?>
<!-- Generated by org.testng.reporters.JUnitReportReporter -->
<testsuite skipped="0" hostname="Lenovo" name="com.testng.concepts.Priority_Concept" tests="4" failures="0" timestamp="2021-02-17T13:44:35 IST" time="0.113" errors="0">
  <testcase name="laptopSearch" time="0.059" classname="com.testng.concepts.Priority_Concept"/>
  <testcase name="bookSearch" time="0.022" classname="com.testng.concepts.Priority_Concept"/>
  <testcase name="mobileSearch" time="0.011" classname="com.testng.concepts.Priority_Concept"/>
  <testcase name="accessoriesSearch" time="0.021" classname="com.testng.concepts.Priority_Concept"/>
</testsuite> <!-- com.testng.concepts.Priority_Concept -->
