<?xml version="1.0" encoding="UTF-8"?>
<!-- Generated by org.testng.reporters.JUnitReportReporter -->
<testsuite skipped="0" hostname="Lenovo" name="com.testng.concepts.Invocation_Count" tests="2" failures="0" timestamp="2021-02-17T13:54:25 IST" time="0.067" errors="0">
  <testcase name="refresh" time="0.029" classname="com.testng.concepts.Invocation_Count"/>
  <testcase name="refresh" time="0.038" classname="com.testng.concepts.Invocation_Count"/>
</testsuite> <!-- com.testng.concepts.Invocation_Count -->
