<?xml version="1.0" encoding="UTF-8"?>
<!-- Generated by org.testng.reporters.JUnitReportReporter -->
<testsuite skipped="1" hostname="Lenovo" name="com.testng.concepts.Ignore_Concept" tests="2" failures="0" timestamp="2021-02-17T13:29:23 IST" time="0.037" errors="0">
  <testcase name="mobileSearch" time="0.037" classname="com.testng.concepts.Ignore_Concept"/>
  <testcase name="laptopSearch" classname="com.testng.concepts.Ignore_Concept">
    <skipped/>
  </testcase> <!-- laptopSearch -->
</testsuite> <!-- com.testng.concepts.Ignore_Concept -->
