<?xml version="1.0" encoding="UTF-8"?>
<!-- Generated by org.testng.reporters.JUnitReportReporter -->
<testsuite skipped="0" hostname="Lenovo" name="com.testng.concepts.Simple_Annotations" tests="2" failures="0" timestamp="2021-02-17T13:15:25 IST" time="0.075" errors="0">
  <testcase name="mobileSearch" time="0.019" classname="com.testng.concepts.Simple_Annotations"/>
  <testcase name="laptopSearch" time="0.056" classname="com.testng.concepts.Simple_Annotations"/>
</testsuite> <!-- com.testng.concepts.Simple_Annotations -->
